<?xml version="1.0" encoding="UTF-8"?>
<testsuite xmlns:xsi="http://www.w3.org/2001/XMLSchema-instance" xsi:noNamespaceSchemaLocation="https://maven.apache.org/surefire/maven-surefire-plugin/xsd/surefire-test-report-3.0.xsd" version="3.0" name="com.example.AppTest" time="0.01" tests="1" errors="0" skipped="0" failures="0">
  <properties>
    <property name="sun.desktop" value="windows"/>
    <property name="awt.toolkit" value="sun.awt.windows.WToolkit"/>
    <property name="file.encoding.pkg" value="sun.io"/>
    <property name="java.specification.version" value="1.8"/>
    <property name="sun.cpu.isalist" value="amd64"/>
    <property name="sun.jnu.encoding" value="Cp1252"/>
    <property name="java.class.path" value="D:\ALEX\UniBuc\MasterThesis\src\orekit-mvn\jvSatColAvoid\target\test-classes;D:\ALEX\UniBuc\MasterThesis\src\orekit-mvn\jvSatColAvoid\target\classes;C:\Users\Admin\.m2\repository\junit\junit\3.8.1\junit-3.8.1.jar;C:\Users\Admin\.m2\repository\org\orekit\orekit\12.0.1\orekit-12.0.1.jar;C:\Users\Admin\.m2\repository\org\hipparchus\hipparchus-core\3.0\hipparchus-core-3.0.jar;C:\Users\Admin\.m2\repository\org\hipparchus\hipparchus-geometry\3.0\hipparchus-geometry-3.0.jar;C:\Users\Admin\.m2\repository\org\hipparchus\hipparchus-ode\3.0\hipparchus-ode-3.0.jar;C:\Users\Admin\.m2\repository\org\hipparchus\hipparchus-fitting\3.0\hipparchus-fitting-3.0.jar;C:\Users\Admin\.m2\repository\org\hipparchus\hipparchus-optim\3.0\hipparchus-optim-3.0.jar;C:\Users\Admin\.m2\repository\org\hipparchus\hipparchus-filtering\3.0\hipparchus-filtering-3.0.jar;C:\Users\Admin\.m2\repository\org\hipparchus\hipparchus-stat\3.0\hipparchus-stat-3.0.jar;"/>
    <property name="java.vm.vendor" value="Oracle Corporation"/>
    <property name="sun.arch.data.model" value="64"/>
    <property name="user.variant" value=""/>
    <property name="java.vendor.url" value="http://java.oracle.com/"/>
    <property name="user.timezone" value="Europe/Athens"/>
    <property name="user.country.format" value="RO"/>
    <property name="java.vm.specification.version" value="1.8"/>
    <property name="os.name" value="Windows 11"/>
    <property name="user.country" value="US"/>
    <property name="sun.java.launcher" value="SUN_STANDARD"/>
    <property name="sun.boot.library.path" value="C:\Program Files\Java\jre1.8.0_361\bin"/>
    <property name="sun.java.command" value="C:\Users\Admin\AppData\Local\Temp\surefire2959255773662460793\surefirebooter-20240311230008944_3.jar C:\Users\Admin\AppData\Local\Temp\surefire2959255773662460793 2024-03-11T23-00-08_494-jvmRun1 surefire-20240311230008944_1tmp surefire_0-20240311230008944_2tmp"/>
    <property name="surefire.test.class.path" value="D:\ALEX\UniBuc\MasterThesis\src\orekit-mvn\jvSatColAvoid\target\test-classes;D:\ALEX\UniBuc\MasterThesis\src\orekit-mvn\jvSatColAvoid\target\classes;C:\Users\Admin\.m2\repository\junit\junit\3.8.1\junit-3.8.1.jar;C:\Users\Admin\.m2\repository\org\orekit\orekit\12.0.1\orekit-12.0.1.jar;C:\Users\Admin\.m2\repository\org\hipparchus\hipparchus-core\3.0\hipparchus-core-3.0.jar;C:\Users\Admin\.m2\repository\org\hipparchus\hipparchus-geometry\3.0\hipparchus-geometry-3.0.jar;C:\Users\Admin\.m2\repository\org\hipparchus\hipparchus-ode\3.0\hipparchus-ode-3.0.jar;C:\Users\Admin\.m2\repository\org\hipparchus\hipparchus-fitting\3.0\hipparchus-fitting-3.0.jar;C:\Users\Admin\.m2\repository\org\hipparchus\hipparchus-optim\3.0\hipparchus-optim-3.0.jar;C:\Users\Admin\.m2\repository\org\hipparchus\hipparchus-filtering\3.0\hipparchus-filtering-3.0.jar;C:\Users\Admin\.m2\repository\org\hipparchus\hipparchus-stat\3.0\hipparchus-stat-3.0.jar;"/>
    <property name="sun.cpu.endian" value="little"/>
    <property name="user.home" value="C:\Users\Admin"/>
    <property name="user.language" value="en"/>
    <property name="java.specification.vendor" value="Oracle Corporation"/>
    <property name="java.home" value="C:\Program Files\Java\jre1.8.0_361"/>
    <property name="basedir" value="D:\ALEX\UniBuc\MasterThesis\src\orekit-mvn\jvSatColAvoid"/>
    <property name="file.separator" value="\"/>
    <property name="line.separator" value="&#10;"/>
    <property name="java.vm.specification.vendor" value="Oracle Corporation"/>
    <property name="java.specification.name" value="Java Platform API Specification"/>
    <property name="java.awt.graphicsenv" value="sun.awt.Win32GraphicsEnvironment"/>
    <property name="surefire.real.class.path" value="C:\Users\Admin\AppData\Local\Temp\surefire2959255773662460793\surefirebooter-20240311230008944_3.jar"/>
    <property name="sun.boot.class.path" value="C:\Program Files\Java\jre1.8.0_361\lib\resources.jar;C:\Program Files\Java\jre1.8.0_361\lib\rt.jar;C:\Program Files\Java\jre1.8.0_361\lib\jsse.jar;C:\Program Files\Java\jre1.8.0_361\lib\jce.jar;C:\Program Files\Java\jre1.8.0_361\lib\charsets.jar;C:\Program Files\Java\jre1.8.0_361\lib\jfr.jar;C:\Program Files\Java\jre1.8.0_361\classes"/>
    <property name="user.script" value=""/>
    <property name="sun.management.compiler" value="HotSpot 64-Bit Tiered Compilers"/>
    <property name="java.runtime.version" value="1.8.0_361-b09"/>
    <property name="user.name" value="Admin"/>
    <property name="path.separator" value=";"/>
    <property name="os.version" value="10.0"/>
    <property name="java.endorsed.dirs" value="C:\Program Files\Java\jre1.8.0_361\lib\endorsed"/>
    <property name="java.runtime.name" value="Java(TM) SE Runtime Environment"/>
    <property name="file.encoding" value="Cp1252"/>
    <property name="java.vm.name" value="Java HotSpot(TM) 64-Bit Server VM"/>
    <property name="localRepository" value="C:\Users\Admin\.m2\repository"/>
    <property name="java.vendor.url.bug" value="http://bugreport.sun.com/bugreport/"/>
    <property name="java.io.tmpdir" value="C:\Users\Admin\AppData\Local\Temp\"/>
    <property name="java.version" value="1.8.0_361"/>
    <property name="user.dir" value="D:\ALEX\UniBuc\MasterThesis\src\orekit-mvn\jvSatColAvoid"/>
    <property name="os.arch" value="amd64"/>
    <property name="java.vm.specification.name" value="Java Virtual Machine Specification"/>
    <property name="java.awt.printerjob" value="sun.awt.windows.WPrinterJob"/>
    <property name="user.language.format" value="ro"/>
    <property name="sun.os.patch.level" value=""/>
    <property name="java.library.path" value="C:\Program Files\Java\jre1.8.0_361\bin;C:\WINDOWS\Sun\Java\bin;C:\WINDOWS\system32;C:\WINDOWS;C:\Users\Admin\Downloads\oracle_db\WINDOWS.X64_193000_db_home\bin;C:\Program Files (x86)\Common Files\Oracle\Java\javapath;C:\WINDOWS\system32;C:\WINDOWS;C:\WINDOWS\System32\Wbem;C:\WINDOWS\System32\WindowsPowerShell\v1.0\;C:\WINDOWS\System32\OpenSSH\;C:\Program Files\Java\jre1.8.0_361\bin;C:\Program Files\apache-maven-3.9.6\bin;C:\Users\Admin\AppData\Local\Programs\Python\Python311\Scripts\;C:\Users\Admin\AppData\Local\Programs\Python\Python311\;C:\Users\Admin\AppData\Local\Microsoft\WindowsApps;C:\Users\Admin\AppData\Local\Programs\Microsoft VS Code\bin;C:\Program Files\JetBrains\PyCharm 2023.1\bin;;C:\Program Files\JetBrains\PyCharm Community Edition 2023.1\bin;;C:\Program Files\swipl\bin;C:\Users\Admin\AppData\Local\GitHubDesktop\bin;C:\Program Files\JetBrains\IntelliJ IDEA 2023.2.5\bin;;C:\Program Files\JetBrains\IntelliJ IDEA Community Edition 2023.2.5\bin;;D:\ALEX\SQLPlus;C:\Users\Admin\AppData\Local\Programs\MiKTeX\miktex\bin\x64\;."/>
    <property name="java.vm.info" value="mixed mode"/>
    <property name="java.vendor" value="Oracle Corporation"/>
    <property name="java.vm.version" value="25.361-b09"/>
    <property name="java.specification.maintenance.version" value="4"/>
    <property name="java.ext.dirs" value="C:\Program Files\Java\jre1.8.0_361\lib\ext;C:\WINDOWS\Sun\Java\lib\ext"/>
    <property name="sun.io.unicode.encoding" value="UnicodeLittle"/>
    <property name="java.class.version" value="52.0"/>
  </properties>
  <testcase name="testApp" classname="com.example.AppTest" time="0.002"/>
</testsuite>